1621610775465	geckodriver	INFO	Listening on 127.0.0.1:56092
1621610775472	mozrunner::runner	INFO	Running command: "/Applications/Firefox.app/Contents/MacOS/firefox-bin" "--marionette" "-foreground" "-no-remote" "-profile" "/var/folders/_6/x47f4gnx0tsg8np1269t4dw80000gn/T/rust_mozprofile8ESl4G"
1621610776190	Marionette	INFO	Marionette enabled
2021-05-21 10:26:17.565 firefox-bin[46727:17894114] Warning: Expected min height of view: (<NSButton: 0x14cf8e800>) to be less than or equal to 30 but got a height of 32.000000. This error will be logged once per view in violation.
2021-05-21 10:26:17.565 firefox-bin[46727:17894114] Warning: Expected min height of view: (<NSButton: 0x14d06a000>) to be less than or equal to 30 but got a height of 32.000000. This error will be logged once per view in violation.
2021-05-21 10:26:17.565 firefox-bin[46727:17894114] Warning: Expected min height of view: (<NSButton: 0x14d066000>) to be less than or equal to 30 but got a height of 32.000000. This error will be logged once per view in violation.
2021-05-21 10:26:17.566 firefox-bin[46727:17894114] Warning: Expected min height of view: (<NSButton: 0x14d064000>) to be less than or equal to 30 but got a height of 32.000000. This error will be logged once per view in violation.
2021-05-21 10:26:17.566 firefox-bin[46727:17894114] Warning: Expected min height of view: (<NSButton: 0x14d066400>) to be less than or equal to 30 but got a height of 32.000000. This error will be logged once per view in violation.
2021-05-21 10:26:17.566 firefox-bin[46727:17894114] Warning: Expected min height of view: (<NSPopoverTouchBarItemButton: 0x14d067400>) to be less than or equal to 30 but got a height of 32.000000. This error will be logged once per view in violation.
2021-05-21 10:26:17.567 firefox-bin[46727:17894114] Warning: Expected min height of view: (<NSPopoverTouchBarItemButton: 0x14d06f000>) to be less than or equal to 30 but got a height of 32.000000. This error will be logged once per view in violation.
console.warn: SearchSettings: "get: No settings file exists, new profile?" (new Error("", "(unknown module)"))
console.error: services.settings: 
  main/fxmonitor-breaches Signature failed  TypeError: NetworkError when attempting to fetch resource.
1621610778696	Marionette	INFO	Listening on port 56101
1621610778808	Marionette	WARN	TLS certificate errors will be ignored for this session
1621610779535	Marionette	WARN	Ignoring event 'pageshow' because document has an invalid readyState of 'uninitialized'.
1621610788496	Sync.ErrorHandler	ERROR	Sync encountered a login error
1621610793315	Marionette	INFO	Stopped listening on port 56101
1621610797328	geckodriver	INFO	Listening on 127.0.0.1:56194
1621610797338	mozrunner::runner	INFO	Running command: "/Applications/Firefox.app/Contents/MacOS/firefox-bin" "--marionette" "-foreground" "-no-remote" "-profile" "/var/folders/_6/x47f4gnx0tsg8np1269t4dw80000gn/T/rust_mozprofilemUkGIZ"
1621610797786	Marionette	INFO	Marionette enabled
2021-05-21 10:26:39.048 firefox-bin[46745:17895421] Warning: Expected min height of view: (<NSButton: 0x14f749c00>) to be less than or equal to 30 but got a height of 32.000000. This error will be logged once per view in violation.
2021-05-21 10:26:39.049 firefox-bin[46745:17895421] Warning: Expected min height of view: (<NSButton: 0x14f748800>) to be less than or equal to 30 but got a height of 32.000000. This error will be logged once per view in violation.
2021-05-21 10:26:39.049 firefox-bin[46745:17895421] Warning: Expected min height of view: (<NSButton: 0x14f743400>) to be less than or equal to 30 but got a height of 32.000000. This error will be logged once per view in violation.
2021-05-21 10:26:39.050 firefox-bin[46745:17895421] Warning: Expected min height of view: (<NSButton: 0x14f749800>) to be less than or equal to 30 but got a height of 32.000000. This error will be logged once per view in violation.
2021-05-21 10:26:39.050 firefox-bin[46745:17895421] Warning: Expected min height of view: (<NSButton: 0x14f746c00>) to be less than or equal to 30 but got a height of 32.000000. This error will be logged once per view in violation.
2021-05-21 10:26:39.050 firefox-bin[46745:17895421] Warning: Expected min height of view: (<NSPopoverTouchBarItemButton: 0x14f749000>) to be less than or equal to 30 but got a height of 32.000000. This error will be logged once per view in violation.
2021-05-21 10:26:39.051 firefox-bin[46745:17895421] Warning: Expected min height of view: (<NSPopoverTouchBarItemButton: 0x14f74d800>) to be less than or equal to 30 but got a height of 32.000000. This error will be logged once per view in violation.
console.warn: SearchSettings: "get: No settings file exists, new profile?" (new Error("", "(unknown module)"))
1621610800158	Marionette	INFO	Listening on port 56203
1621610800263	Marionette	WARN	TLS certificate errors will be ignored for this session
JavaScript error: , line 0: NotFoundError: No such JSWindowActor 'MarionetteEvents'

###!!! [Parent][RunMessage] Error: Channel closing: too late to send/recv, messages will be lost

1621610861690	geckodriver	INFO	Listening on 127.0.0.1:56647
1621610861696	mozrunner::runner	INFO	Running command: "/Applications/Firefox.app/Contents/MacOS/firefox-bin" "--marionette" "-foreground" "-no-remote" "-profile" "/var/folders/_6/x47f4gnx0tsg8np1269t4dw80000gn/T/rust_mozprofilegER4lO"
1621610862225	Marionette	INFO	Marionette enabled
2021-05-21 10:27:43.472 firefox-bin[46783:17896814] Warning: Expected min height of view: (<NSButton: 0x1512e7c00>) to be less than or equal to 30 but got a height of 32.000000. This error will be logged once per view in violation.
2021-05-21 10:27:43.472 firefox-bin[46783:17896814] Warning: Expected min height of view: (<NSButton: 0x1516bb400>) to be less than or equal to 30 but got a height of 32.000000. This error will be logged once per view in violation.
2021-05-21 10:27:43.473 firefox-bin[46783:17896814] Warning: Expected min height of view: (<NSButton: 0x1516bac00>) to be less than or equal to 30 but got a height of 32.000000. This error will be logged once per view in violation.
2021-05-21 10:27:43.473 firefox-bin[46783:17896814] Warning: Expected min height of view: (<NSButton: 0x1516ba800>) to be less than or equal to 30 but got a height of 32.000000. This error will be logged once per view in violation.
2021-05-21 10:27:43.473 firefox-bin[46783:17896814] Warning: Expected min height of view: (<NSButton: 0x1516b7000>) to be less than or equal to 30 but got a height of 32.000000. This error will be logged once per view in violation.
2021-05-21 10:27:43.473 firefox-bin[46783:17896814] Warning: Expected min height of view: (<NSPopoverTouchBarItemButton: 0x1516bbc00>) to be less than or equal to 30 but got a height of 32.000000. This error will be logged once per view in violation.
2021-05-21 10:27:43.474 firefox-bin[46783:17896814] Warning: Expected min height of view: (<NSPopoverTouchBarItemButton: 0x1516be400>) to be less than or equal to 30 but got a height of 32.000000. This error will be logged once per view in violation.
console.warn: SearchSettings: "get: No settings file exists, new profile?" (new Error("", "(unknown module)"))
1621610864535	Marionette	INFO	Listening on port 56656
1621610864635	Marionette	WARN	TLS certificate errors will be ignored for this session
1621610865990	geckodriver	INFO	Listening on 127.0.0.1:56729
1621610867071	mozrunner::runner	INFO	Running command: "/Applications/Firefox.app/Contents/MacOS/firefox-bin" "--marionette" "-foreground" "-no-remote" "-profile" "/var/folders/_6/x47f4gnx0tsg8np1269t4dw80000gn/T/rust_mozprofilefqDcik"
1621610867561	Marionette	INFO	Marionette enabled
2021-05-21 10:27:48.844 firefox-bin[46788:17897300] Warning: Expected min height of view: (<NSButton: 0x150aa5000>) to be less than or equal to 30 but got a height of 32.000000. This error will be logged once per view in violation.
2021-05-21 10:27:48.844 firefox-bin[46788:17897300] Warning: Expected min height of view: (<NSButton: 0x150aa5400>) to be less than or equal to 30 but got a height of 32.000000. This error will be logged once per view in violation.
2021-05-21 10:27:48.845 firefox-bin[46788:17897300] Warning: Expected min height of view: (<NSButton: 0x150aa5800>) to be less than or equal to 30 but got a height of 32.000000. This error will be logged once per view in violation.
2021-05-21 10:27:48.845 firefox-bin[46788:17897300] Warning: Expected min height of view: (<NSButton: 0x150aa8400>) to be less than or equal to 30 but got a height of 32.000000. This error will be logged once per view in violation.
2021-05-21 10:27:48.845 firefox-bin[46788:17897300] Warning: Expected min height of view: (<NSButton: 0x150aa8c00>) to be less than or equal to 30 but got a height of 32.000000. This error will be logged once per view in violation.
2021-05-21 10:27:48.846 firefox-bin[46788:17897300] Warning: Expected min height of view: (<NSPopoverTouchBarItemButton: 0x150aa6000>) to be less than or equal to 30 but got a height of 32.000000. This error will be logged once per view in violation.
2021-05-21 10:27:48.846 firefox-bin[46788:17897300] Warning: Expected min height of view: (<NSPopoverTouchBarItemButton: 0x150c71000>) to be less than or equal to 30 but got a height of 32.000000. This error will be logged once per view in violation.
console.warn: SearchSettings: "get: No settings file exists, new profile?" (new Error("", "(unknown module)"))
1621610869910	Marionette	INFO	Listening on port 56742
1621610870004	Marionette	WARN	TLS certificate errors will be ignored for this session
1621610908060	Marionette	INFO	Stopped listening on port 56203
1621610910161	Marionette	INFO	Stopped listening on port 56656
1621610912316	Marionette	INFO	Stopped listening on port 56742
